# JRE version: OpenJDK Runtime Environment (8.0_112-b06) (build 1.8.0_112-release-b06)
# Java VM: OpenJDK 64-Bit Server VM (25.112-b06 mixed mode windows-amd64 compressed oops)
Heap:
 PSYoungGen      total 472064K, used 124743K [0x00000000e0000000, 0x00000000ffc80000, 0x0000000100000000)
  eden space 462336K, 24% used [0x00000000e0000000,0x00000000e707bd88,0x00000000fc380000)
  from space 9728K, 98% used [0x00000000fc380000,0x00000000fccd6018,0x00000000fcd00000)
  to   space 29184K, 0% used [0x00000000fe000000,0x00000000fe000000,0x00000000ffc80000)
 ParOldGen       total 112640K, used 55543K [0x00000000a0000000, 0x00000000a6e00000, 0x00000000e0000000)
  object space 112640K, 49% used [0x00000000a0000000,0x00000000a363dc48,0x00000000a6e00000)
 Metaspace       used 70544K, capacity 73602K, committed 73856K, reserved 1114112K
  class space    used 9212K, capacity 9822K, committed 9856K, reserved 1048576K
GC Heap History (10 events):
Event: 13.233 GC heap before
{Heap before GC invocations=10 (full 2):
 PSYoungGen      total 216064K, used 214993K [0x00000000e0000000, 0x00000000f8e80000, 0x0000000100000000)
  eden space 200704K, 100% used [0x00000000e0000000,0x00000000ec400000,0x00000000ec400000)
  from space 15360K, 93% used [0x00000000ec400000,0x00000000ed1f4678,0x00000000ed300000)
  to   space 17408K, 0% used [0x00000000f7d80000,0x00000000f7d80000,0x00000000f8e80000)
 ParOldGen       total 74240K, used 18262K [0x00000000a0000000, 0x00000000a4880000, 0x00000000e0000000)
  object space 74240K, 24% used [0x00000000a0000000,0x00000000a11d5988,0x00000000a4880000)
 Metaspace       used 49734K, capacity 51354K, committed 51456K, reserved 1093632K
  class space    used 6776K, capacity 7149K, committed 7168K, reserved 1048576K
Event: 13.299 GC heap after
Heap after GC invocations=10 (full 2):
 PSYoungGen      total 384000K, used 17379K [0x00000000e0000000, 0x00000000f9400000, 0x0000000100000000)
  eden space 366592K, 0% used [0x00000000e0000000,0x00000000e0000000,0x00000000f6600000)
  from space 17408K, 99% used [0x00000000f7d80000,0x00000000f8e78c80,0x00000000f8e80000)
  to   space 23552K, 0% used [0x00000000f6600000,0x00000000f6600000,0x00000000f7d00000)
 ParOldGen       total 74240K, used 26384K [0x00000000a0000000, 0x00000000a4880000, 0x00000000e0000000)
  object space 74240K, 35% used [0x00000000a0000000,0x00000000a19c4390,0x00000000a4880000)
 Metaspace       used 49734K, capacity 51354K, committed 51456K, reserved 1093632K
  class space    used 6776K, capacity 7149K, committed 7168K, reserved 1048576K
}
Event: 19.831 GC heap before
{Heap before GC invocations=11 (full 2):
 PSYoungGen      total 384000K, used 217085K [0x00000000e0000000, 0x00000000f9400000, 0x0000000100000000)
  eden space 366592K, 54% used [0x00000000e0000000,0x00000000ec306808,0x00000000f6600000)
  from space 17408K, 99% used [0x00000000f7d80000,0x00000000f8e78c80,0x00000000f8e80000)
  to   space 23552K, 0% used [0x00000000f6600000,0x00000000f6600000,0x00000000f7d00000)
 ParOldGen       total 74240K, used 26384K [0x00000000a0000000, 0x00000000a4880000, 0x00000000e0000000)
  object space 74240K, 35% used [0x00000000a0000000,0x00000000a19c4390,0x00000000a4880000)
 Metaspace       used 56681K, capacity 59036K, committed 59136K, reserved 1099776K
  class space    used 7681K, capacity 8179K, committed 8192K, reserved 1048576K
Event: 19.920 GC heap after
Heap after GC invocations=11 (full 2):
 PSYoungGen      total 390144K, used 23520K [0x00000000e0000000, 0x0000000100000000, 0x0000000100000000)
  eden space 366592K, 0% used [0x00000000e0000000,0x00000000e0000000,0x00000000f6600000)
  from space 23552K, 99% used [0x00000000f6600000,0x00000000f7cf8218,0x00000000f7d00000)
  to   space 31744K, 0% used [0x00000000fe100000,0x00000000fe100000,0x0000000100000000)
 ParOldGen       total 74240K, used 37226K [0x00000000a0000000, 0x00000000a4880000, 0x00000000e0000000)
  object space 74240K, 50% used [0x00000000a0000000,0x00000000a245ab18,0x00000000a4880000)
 Metaspace       used 56681K, capacity 59036K, committed 59136K, reserved 1099776K
  class space    used 7681K, capacity 8179K, committed 8192K, reserved 1048576K
}
Event: 19.920 GC heap before
{Heap before GC invocations=12 (full 3):
 PSYoungGen      total 390144K, used 23520K [0x00000000e0000000, 0x0000000100000000, 0x0000000100000000)
  eden space 366592K, 0% used [0x00000000e0000000,0x00000000e0000000,0x00000000f6600000)
  from space 23552K, 99% used [0x00000000f6600000,0x00000000f7cf8218,0x00000000f7d00000)
  to   space 31744K, 0% used [0x00000000fe100000,0x00000000fe100000,0x0000000100000000)
 ParOldGen       total 74240K, used 37226K [0x00000000a0000000, 0x00000000a4880000, 0x00000000e0000000)
  object space 74240K, 50% used [0x00000000a0000000,0x00000000a245ab18,0x00000000a4880000)
 Metaspace       used 56681K, capacity 59036K, committed 59136K, reserved 1099776K
  class space    used 7681K, capacity 8179K, committed 8192K, reserved 1048576K
Event: 20.356 GC heap after
Heap after GC invocations=12 (full 3):
 PSYoungGen      total 390144K, used 0K [0x00000000e0000000, 0x0000000100000000, 0x0000000100000000)
  eden space 366592K, 0% used [0x00000000e0000000,0x00000000e0000000,0x00000000f6600000)
  from space 23552K, 0% used [0x00000000f6600000,0x00000000f6600000,0x00000000f7d00000)
  to   space 31744K, 0% used [0x00000000fe100000,0x00000000fe100000,0x0000000100000000)
 ParOldGen       total 112640K, used 46484K [0x00000000a0000000, 0x00000000a6e00000, 0x00000000e0000000)
  object space 112640K, 41% used [0x00000000a0000000,0x00000000a2d65240,0x00000000a6e00000)
 Metaspace       used 56681K, capacity 59036K, committed 59136K, reserved 1099776K
  class space    used 7681K, capacity 8179K, committed 8192K, reserved 1048576K
}
Event: 1054.085 GC heap before
{Heap before GC invocations=13 (full 3):
 PSYoungGen      total 390144K, used 366000K [0x00000000e0000000, 0x0000000100000000, 0x0000000100000000)
  eden space 366592K, 99% used [0x00000000e0000000,0x00000000f656c270,0x00000000f6600000)
  from space 23552K, 0% used [0x00000000f6600000,0x00000000f6600000,0x00000000f7d00000)
  to   space 31744K, 0% used [0x00000000fe100000,0x00000000fe100000,0x0000000100000000)
 ParOldGen       total 112640K, used 46484K [0x00000000a0000000, 0x00000000a6e00000, 0x00000000e0000000)
  object space 112640K, 41% used [0x00000000a0000000,0x00000000a2d65240,0x00000000a6e00000)
 Metaspace       used 65166K, capacity 67936K, committed 68224K, reserved 1107968K
  class space    used 8662K, capacity 9241K, committed 9344K, reserved 1048576K
Event: 1054.115 GC heap after
Heap after GC invocations=13 (full 3):
 PSYoungGen      total 494080K, used 11964K [0x00000000e0000000, 0x0000000100000000, 0x0000000100000000)
  eden space 462336K, 0% used [0x00000000e0000000,0x00000000e0000000,0x00000000fc380000)
  from space 31744K, 37% used [0x00000000fe100000,0x00000000fecaf240,0x0000000100000000)
  to   space 30208K, 0% used [0x00000000fc380000,0x00000000fc380000,0x00000000fe100000)
 ParOldGen       total 112640K, used 46500K [0x00000000a0000000, 0x00000000a6e00000, 0x00000000e0000000)
  object space 112640K, 41% used [0x00000000a0000000,0x00000000a2d69240,0x00000000a6e00000)
 Metaspace       used 65166K, capacity 67936K, committed 68224K, reserved 1107968K
  class space    used 8662K, capacity 9241K, committed 9344K, reserved 1048576K
}
Event: 1058.662 GC heap before
{Heap before GC invocations=14 (full 3):
 PSYoungGen      total 494080K, used 474225K [0x00000000e0000000, 0x0000000100000000, 0x0000000100000000)
  eden space 462336K, 99% used [0x00000000e0000000,0x00000000fc36d258,0x00000000fc380000)
  from space 31744K, 37% used [0x00000000fe100000,0x00000000fecaf240,0x0000000100000000)
  to   space 30208K, 0% used [0x00000000fc380000,0x00000000fc380000,0x00000000fe100000)
 ParOldGen       total 112640K, used 46500K [0x00000000a0000000, 0x00000000a6e00000, 0x00000000e0000000)
  object space 112640K, 41% used [0x00000000a0000000,0x00000000a2d69240,0x00000000a6e00000)
 Metaspace       used 70392K, capacity 73468K, committed 73600K, reserved 1114112K
  class space    used 9194K, capacity 9821K, committed 9856K, reserved 1048576K
Event: 1058.683 GC heap after
Heap after GC invocations=14 (full 3):
 PSYoungGen      total 472064K, used 9560K [0x00000000e0000000, 0x00000000ffc80000, 0x0000000100000000)
  eden space 462336K, 0% used [0x00000000e0000000,0x00000000e0000000,0x00000000fc380000)
  from space 9728K, 98% used [0x00000000fc380000,0x00000000fccd6018,0x00000000fcd00000)
  to   space 29184K, 0% used [0x00000000fe000000,0x00000000fe000000,0x00000000ffc80000)
 ParOldGen       total 112640K, used 55543K [0x00000000a0000000, 0x00000000a6e00000, 0x00000000e0000000)
  object space 112640K, 49% used [0x00000000a0000000,0x00000000a363dc48,0x00000000a6e00000)
 Metaspace       used 70392K, capacity 73468K, committed 73600K, reserved 1114112K
  class space    used 9194K, capacity 9821K, committed 9856K, reserved 1048576K
}

